<?xml version="1.0" encoding="UTF-8"?>
<!-- Generated by org.testng.reporters.JUnitReportReporter -->
<testsuite hostname="EBSPC106" failures="0" tests="1" name="test.Testadd" time="0.001" errors="0" timestamp="2024-08-19T18:26:53 IST" skipped="0">
  <testcase classname="test.Testadd" name="test" time="0.001"/>
</testsuite> <!-- test.Testadd -->
